#
# A fatal error has been detected by the Java Runtime Environment:
#
#  EXCEPTION_ACCESS_VIOLATION (0xc0000005) at pc=0x00000000747d848a, pid=8072, tid=7872
#
# JRE version: Java(TM) SE Runtime Environment (7.0_79-b15) (build 1.7.0_79-b15)
# Java VM: Java HotSpot(TM) 64-Bit Server VM (24.79-b02 mixed mode windows-amd64 compressed oops)
# Problematic frame:
# C  [MSVCR90.dll+0x1848a]
#
# Failed to write core dump. Minidumps are not enabled by default on client versions of Windows
#
# If you would like to submit a bug report, please visit:
#   http://bugreport.java.com/bugreport/crash.jsp
# The crash happened outside the Java Virtual Machine in native code.
# See problematic frame for where to report the bug.
#

---------------  T H R E A D  ---------------

Current thread (0x000000000246d800):  JavaThread "main" [_thread_in_native, id=7872, stack(0x00000000026c0000,0x00000000027c0000)]

siginfo: ExceptionCode=0xc0000005, reading address 0x0000000000000000

Registers:
RAX=0x0000000000000000, RBX=0x0000000000000000, RCX=0x0000000000000000, RDX=0x000007feef3d21a0
RSP=0x00000000027bee18, RBP=0x0000000000000007, RSI=0x0000000000000001, RDI=0x00000000027bef10
R8 =0x0000000000000000, R9 =0x00000000027bed80, R10=0x000007feef3d21a0, R11=0x0000000000000000
R12=0x0000000000000000, R13=0x00000000027bef80, R14=0x00000000027bf038, R15=0x000000000246d800
RIP=0x00000000747d848a, EFLAGS=0x0000000000010206

Top of Stack: (sp=0x00000000027bee18)
0x00000000027bee18:   000007feef3a36c1 0000000000000000
0x00000000027bee28:   0000000000000007 0000000000000001
0x00000000027bee38:   000000007480cda9 fffffffffffffffe
0x00000000027bee48:   0000000000000000 00000000102b6bd0
0x00000000027bee58:   00000000102b6c00 00000000102b6c50
0x00000000027bee68:   0000000000000000 0000000000000000
0x00000000027bee78:   0000000000000000 0000000800004000
0x00000000027bee88:   0000002000000000 0000000800000004
0x00000000027bee98:   000000000000000a 00000000027c62d3
0x00000000027beea8:   000007feef39beaa 0000000000000007
0x00000000027beeb8:   ffffffff95011ed5 00000000000d0e50
0x00000000027beec8:   00000007aa6c25af 0000000000000000
0x00000000027beed8:   00000000027bef10 0000000000000000
0x00000000027beee8:   00000000002b34b0 00000007aa6c25ae
0x00000000027beef8:   000007fefccd9fd5 000007feed230000
0x00000000027bef08:   00000000000d0e00 0000000000000000 

Instructions: (pc=0x00000000747d848a)
0x00000000747d846a:   48 83 c4 38 c3 cc cc cc cc cc cc cc cc cc 45 33
0x00000000747d847a:   db 4c 8b d2 4c 8b c1 44 38 1a 75 04 48 8b c1 c3
0x00000000747d848a:   8a 01 41 3a c3 74 3b 4c 8b c9 4c 2b ca 49 8b d2
0x00000000747d849a:   41 3a c3 74 1a 44 38 1a 74 2b 41 0f be 0c 11 0f 


Register to memory mapping:

RAX=0x0000000000000000 is an unknown value
RBX=0x0000000000000000 is an unknown value
RCX=0x0000000000000000 is an unknown value
RDX=0x000007feef3d21a0 is an unknown value
RSP=0x00000000027bee18 is pointing into the stack for thread: 0x000000000246d800
RBP=0x0000000000000007 is an unknown value
RSI=0x0000000000000001 is an unknown value
RDI=0x00000000027bef10 is pointing into the stack for thread: 0x000000000246d800
R8 =0x0000000000000000 is an unknown value
R9 =0x00000000027bed80 is pointing into the stack for thread: 0x000000000246d800
R10=0x000007feef3d21a0 is an unknown value
R11=0x0000000000000000 is an unknown value
R12=0x0000000000000000 is an unknown value
R13=0x00000000027bef80 is pointing into the stack for thread: 0x000000000246d800
R14=0x00000000027bf038 is pointing into the stack for thread: 0x000000000246d800
R15=0x000000000246d800 is a thread


Stack: [0x00000000026c0000,0x00000000027c0000],  sp=0x00000000027bee18,  free space=1019k
Native frames: (J=compiled Java code, j=interpreted, Vv=VM code, C=native code)
C  [MSVCR90.dll+0x1848a]

Java frames: (J=compiled Java code, j=interpreted, Vv=VM code)
j  org.lwjgl.opengl.WindowsContextImplementation.nSwapBuffers(Ljava/nio/ByteBuffer;)V+0
j  org.lwjgl.opengl.WindowsContextImplementation.swapBuffers()V+35
j  org.lwjgl.opengl.ContextGL.swapBuffers()V+3
j  org.lwjgl.opengl.DrawableGL.swapBuffers()V+0
j  org.lwjgl.opengl.Display.swapBuffers()V+39
j  org.lwjgl.opengl.Display.update(Z)V+44
j  org.lwjgl.opengl.Display.update()V+1
j  org.lwjgl.opengl.Display.initContext()V+17
j  org.lwjgl.opengl.Display.create(Lorg/lwjgl/opengl/PixelFormat;Lorg/lwjgl/opengl/Drawable;Lorg/lwjgl/opengl/ContextAttribs;)V+111
j  org.lwjgl.opengl.Display.create(Lorg/lwjgl/opengl/PixelFormat;Lorg/lwjgl/opengl/ContextAttribs;)V+9
j  com.gmail.lynx7478.game.engine.DisplayManager.createDisplay()V+42
j  com.gmail.lynx7478.game.Main.main([Ljava/lang/String;)V+0
v  ~StubRoutines::call_stub

---------------  P R O C E S S  ---------------

Java Threads: ( => current thread )
  0x000000000adf5800 JavaThread "Service Thread" daemon [_thread_blocked, id=7196, stack(0x000000000c860000,0x000000000c960000)]
  0x000000000adf4800 JavaThread "C2 CompilerThread1" daemon [_thread_blocked, id=8052, stack(0x000000000c5f0000,0x000000000c6f0000)]
  0x000000000adef800 JavaThread "C2 CompilerThread0" daemon [_thread_blocked, id=7548, stack(0x000000000c240000,0x000000000c340000)]
  0x000000000adec000 JavaThread "Attach Listener" daemon [_thread_blocked, id=8044, stack(0x000000000c4f0000,0x000000000c5f0000)]
  0x000000000ade7000 JavaThread "Signal Dispatcher" daemon [_thread_blocked, id=5616, stack(0x000000000c380000,0x000000000c480000)]
  0x000000000ad97800 JavaThread "Finalizer" daemon [_thread_blocked, id=7344, stack(0x000000000c0b0000,0x000000000c1b0000)]
  0x000000000ad8e800 JavaThread "Reference Handler" daemon [_thread_blocked, id=7820, stack(0x000000000bea0000,0x000000000bfa0000)]
=>0x000000000246d800 JavaThread "main" [_thread_in_native, id=7872, stack(0x00000000026c0000,0x00000000027c0000)]

Other Threads:
  0x000000000ad8b000 VMThread [stack: 0x000000000bd90000,0x000000000be90000] [id=7092]
  0x000000000ae07800 WatcherThread [stack: 0x000000000bfa0000,0x000000000c0a0000] [id=6040]

VM state:not at safepoint (normal execution)

VM Mutex/Monitor currently owned by a thread: None

Heap
 PSYoungGen      total 38400K, used 4195K [0x00000007d5900000, 0x00000007d8380000, 0x0000000800000000)
  eden space 33280K, 12% used [0x00000007d5900000,0x00000007d5d18ec8,0x00000007d7980000)
  from space 5120K, 0% used [0x00000007d7e80000,0x00000007d7e80000,0x00000007d8380000)
  to   space 5120K, 0% used [0x00000007d7980000,0x00000007d7980000,0x00000007d7e80000)
 ParOldGen       total 86528K, used 0K [0x0000000780c00000, 0x0000000786080000, 0x00000007d5900000)
  object space 86528K, 0% used [0x0000000780c00000,0x0000000780c00000,0x0000000786080000)
 PSPermGen       total 21504K, used 4092K [0x000000077ba00000, 0x000000077cf00000, 0x0000000780c00000)
  object space 21504K, 19% used [0x000000077ba00000,0x000000077bdff088,0x000000077cf00000)

Card table byte_map: [0x00000000057c0000,0x0000000005bf0000] byte_map_base: 0x0000000001be3000

Polling page: 0x0000000000220000

Code Cache  [0x00000000027c0000, 0x0000000002a30000, 0x00000000057c0000)
 total_blobs=301 nmethods=18 adapters=236 free_code_cache=48698Kb largest_free_block=49852800

Compilation events (10 events):
Event: 0.262 Thread 0x000000000adf4800 nmethod 14 0x000000000282fc90 code [0x000000000282fdc0, 0x000000000282fe58]
Event: 0.262 Thread 0x000000000adf4800   15             java.nio.Buffer::nextGetIndex (31 bytes)
Event: 0.262 Thread 0x000000000adf4800 nmethod 15 0x000000000282fa50 code [0x000000000282fb80, 0x000000000282fbf8]
Event: 0.262 Thread 0x000000000adf4800   16             java.nio.StringCharBuffer::get (19 bytes)
Event: 0.264 Thread 0x000000000adf4800 nmethod 16 0x000000000282f590 code [0x000000000282f6e0, 0x000000000282f838]
Event: 0.264 Thread 0x000000000adf4800   17             org.lwjgl.MemoryUtil$CharSequenceNT::charAt (28 bytes)
Event: 0.264 Thread 0x000000000adf4800 nmethod 17 0x000000000282f210 code [0x000000000282f360, 0x000000000282f458]
Event: 0.266 Thread 0x000000000adef800 nmethod 12 0x00000000028325d0 code [0x0000000002832780, 0x0000000002832cc0]
Event: 0.272 Thread 0x000000000adf4800   18             java.lang.String::equals (81 bytes)
Event: 0.275 Thread 0x000000000adf4800 nmethod 18 0x0000000002832090 code [0x00000000028321e0, 0x0000000002832438]

GC Heap History (0 events):
No events

Deoptimization events (0 events):
No events

Internal exceptions (10 events):
Event: 0.222 Thread 0x000000000246d800 Threw 0x00000007d5bd0b88 at C:\re\jdk7u79\2331\hotspot\src\share\vm\prims\jvm.cpp:1304
Event: 0.222 Thread 0x000000000246d800 Threw 0x00000007d5bd3d70 at C:\re\jdk7u79\2331\hotspot\src\share\vm\prims\jvm.cpp:1304
Event: 0.223 Thread 0x000000000246d800 Threw 0x00000007d5bd9578 at C:\re\jdk7u79\2331\hotspot\src\share\vm\prims\jvm.cpp:1304
Event: 0.223 Thread 0x000000000246d800 Threw 0x00000007d5bdc470 at C:\re\jdk7u79\2331\hotspot\src\share\vm\prims\jvm.cpp:1304
Event: 0.224 Thread 0x000000000246d800 Threw 0x00000007d5bdf6f0 at C:\re\jdk7u79\2331\hotspot\src\share\vm\prims\jvm.cpp:1304
Event: 0.229 Thread 0x000000000246d800 Threw 0x00000007d5c17fd8 at C:\re\jdk7u79\2331\hotspot\src\share\vm\prims\jvm.cpp:1304
Event: 0.231 Thread 0x000000000246d800 Threw 0x00000007d5c1f3b8 at C:\re\jdk7u79\2331\hotspot\src\share\vm\prims\jvm.cpp:1304
Event: 0.237 Thread 0x000000000246d800 Threw 0x00000007d5c4ff78 at C:\re\jdk7u79\2331\hotspot\src\share\vm\prims\jvm.cpp:1304
Event: 0.300 Thread 0x000000000246d800 Threw 0x00000007d5cdbc70 at C:\re\jdk7u79\2331\hotspot\src\share\vm\prims\jvm.cpp:1304
Event: 0.310 Thread 0x000000000246d800 Threw 0x00000007d5ce9cf8 at C:\re\jdk7u79\2331\hotspot\src\share\vm\prims\jvm.cpp:1304

Events (10 events):
Event: 0.301 loading class 0x000000000c9ec700
Event: 0.301 loading class 0x000000000c9ec700 done
Event: 0.301 loading class 0x000000000c9ec760
Event: 0.301 loading class 0x000000000c9ec760 done
Event: 0.301 loading class 0x0000000002303e80
Event: 0.302 loading class 0x000000000c9ee320
Event: 0.302 loading class 0x000000000c9ee320 done
Event: 0.302 loading class 0x0000000002303e80 done
Event: 0.310 loading class 0x000000000caa5000
Event: 0.310 loading class 0x000000000caa5000 done


Dynamic libraries:
0x000000013f690000 - 0x000000013f6c3000 	C:\Program Files\Java\jre7\bin\javaw.exe
0x0000000076cd0000 - 0x0000000076e79000 	C:\Windows\SYSTEM32\ntdll.dll
0x0000000076bb0000 - 0x0000000076ccf000 	C:\Windows\system32\kernel32.dll
0x000007fefccd0000 - 0x000007fefcd3b000 	C:\Windows\system32\KERNELBASE.dll
0x000007fefeef0000 - 0x000007fefefcb000 	C:\Windows\system32\ADVAPI32.dll
0x000007fefd660000 - 0x000007fefd6ff000 	C:\Windows\system32\msvcrt.dll
0x000007fefd1d0000 - 0x000007fefd1ef000 	C:\Windows\SYSTEM32\sechost.dll
0x000007fefd040000 - 0x000007fefd16d000 	C:\Windows\system32\RPCRT4.dll
0x0000000076ab0000 - 0x0000000076baa000 	C:\Windows\system32\USER32.dll
0x000007fefe990000 - 0x000007fefe9f7000 	C:\Windows\system32\GDI32.dll
0x000007fefefd0000 - 0x000007fefefde000 	C:\Windows\system32\LPK.dll
0x000007fefea00000 - 0x000007fefeac9000 	C:\Windows\system32\USP10.dll
0x000007fefb310000 - 0x000007fefb504000 	C:\Windows\WinSxS\amd64_microsoft.windows.common-controls_6595b64144ccf1df_6.0.7601.17514_none_fa396087175ac9ac\COMCTL32.dll
0x000007fefd450000 - 0x000007fefd4c1000 	C:\Windows\system32\SHLWAPI.dll
0x000007fefe530000 - 0x000007fefe55e000 	C:\Windows\system32\IMM32.DLL
0x000007fefd4d0000 - 0x000007fefd5d9000 	C:\Windows\system32\MSCTF.dll
0x0000000072970000 - 0x0000000072a42000 	C:\Program Files\Java\jre7\bin\msvcr100.dll
0x0000000050710000 - 0x0000000050ee5000 	C:\Program Files\Java\jre7\bin\server\jvm.dll
0x000007fef5950000 - 0x000007fef5959000 	C:\Windows\system32\WSOCK32.dll
0x000007fefcff0000 - 0x000007fefd03d000 	C:\Windows\system32\WS2_32.dll
0x000007fefeee0000 - 0x000007fefeee8000 	C:\Windows\system32\NSI.dll
0x000007fefa840000 - 0x000007fefa87b000 	C:\Windows\system32\WINMM.dll
0x0000000076e90000 - 0x0000000076e97000 	C:\Windows\system32\PSAPI.DLL
0x0000000072b20000 - 0x0000000072b2f000 	C:\Program Files\Java\jre7\bin\verify.dll
0x0000000072af0000 - 0x0000000072b18000 	C:\Program Files\Java\jre7\bin\java.dll
0x0000000072ad0000 - 0x0000000072ae5000 	C:\Program Files\Java\jre7\bin\zip.dll
0x0000000180000000 - 0x0000000180051000 	C:\Users\Gabi\Documents\Java\Libraries\lwjgl-2.9.1\native\windows\lwjgl64.dll
0x000007feed230000 - 0x000007feed34d000 	C:\Windows\system32\OPENGL32.dll
0x000007fef02b0000 - 0x000007fef02dd000 	C:\Windows\system32\GLU32.dll
0x000007feebb60000 - 0x000007feebc51000 	C:\Windows\system32\DDRAW.dll
0x000007fef9ed0000 - 0x000007fef9ed8000 	C:\Windows\system32\DCIMAN32.dll
0x000007fefed00000 - 0x000007fefeed7000 	C:\Windows\system32\SETUPAPI.dll
0x000007fefce20000 - 0x000007fefce56000 	C:\Windows\system32\CFGMGR32.dll
0x000007fefe8b0000 - 0x000007fefe987000 	C:\Windows\system32\OLEAUT32.dll
0x000007fefead0000 - 0x000007fefecd3000 	C:\Windows\system32\ole32.dll
0x000007fefce60000 - 0x000007fefce7a000 	C:\Windows\system32\DEVOBJ.dll
0x000007fefae80000 - 0x000007fefae98000 	C:\Windows\system32\dwmapi.dll
0x000007fefbd60000 - 0x000007fefbd6c000 	C:\Windows\system32\VERSION.dll
0x000007fefb2b0000 - 0x000007fefb306000 	C:\Windows\system32\uxtheme.dll
0x00000000694f0000 - 0x000000006b337000 	C:\Windows\system32\nvoglv64.DLL
0x000007fefd700000 - 0x000007fefe488000 	C:\Windows\system32\SHELL32.dll
0x000007fefbef0000 - 0x000007fefbf01000 	C:\Windows\system32\WTSAPI32.dll
0x000007fefb7a0000 - 0x000007fefb8c5000 	C:\Windows\system32\dbghelp.dll
0x000007fefcd40000 - 0x000007fefcd7a000 	C:\Windows\system32\WINTRUST.dll
0x000007fefce80000 - 0x000007fefcfe7000 	C:\Windows\system32\CRYPT32.dll
0x000007fefccc0000 - 0x000007fefcccf000 	C:\Windows\system32\MSASN1.dll
0x000007fefa9e0000 - 0x000007fefaa0d000 	C:\Windows\system32\ntmarta.dll
0x000007fefd170000 - 0x000007fefd1c2000 	C:\Windows\system32\WLDAP32.dll
0x000007fefcb50000 - 0x000007fefcb5f000 	C:\Windows\system32\CRYPTBASE.dll
0x000007fefe560000 - 0x000007fefe5f9000 	C:\Windows\system32\CLBCatQ.DLL
0x000007fef9790000 - 0x000007fef982c000 	C:\Windows\system32\mscms.dll
0x000007fefbf70000 - 0x000007fefbf8e000 	C:\Windows\system32\USERENV.dll
0x000007fefcc20000 - 0x000007fefcc2f000 	C:\Windows\system32\profapi.dll
0x000007feef720000 - 0x000007feef762000 	C:\Windows\system32\icm32.dll
0x000007fefc040000 - 0x000007fefc07d000 	C:\Windows\system32\WINSTA.dll
0x000007feef390000 - 0x000007feef409000 	C:\Program Files (x86)\Mirillis\Action!\action_x64.dll
0x00000000747c0000 - 0x0000000074863000 	C:\Windows\WinSxS\amd64_microsoft.vc90.crt_1fc8b3b9a1e18e3b_9.0.30729.6161_none_08e61857a83bc251\MSVCR90.dll
0x000007fefb8d0000 - 0x000007fefb8d9000 	C:\Windows\system32\AVRT.dll
0x000007fef7440000 - 0x000007fef74b1000 	C:\Windows\system32\WINHTTP.dll
0x000007fef73d0000 - 0x000007fef7434000 	C:\Windows\system32\webio.dll
0x000007fefb750000 - 0x000007fefb79b000 	C:\Windows\system32\mmdevapi.dll
0x000007fefb620000 - 0x000007fefb74c000 	C:\Windows\system32\PROPSYS.dll
0x000007fefece0000 - 0x000007fefecf7000 	C:\Windows\system32\imagehlp.dll
0x000007fefc4f0000 - 0x000007fefc507000 	C:\Windows\system32\CRYPTSP.dll
0x000007fefc1f0000 - 0x000007fefc237000 	C:\Windows\system32\rsaenh.dll
0x000007fefc670000 - 0x000007fefc6be000 	C:\Windows\system32\ncrypt.dll
0x000007fefc640000 - 0x000007fefc662000 	C:\Windows\system32\bcrypt.dll
0x000007fefc130000 - 0x000007fefc17c000 	C:\Windows\system32\bcryptprimitives.dll

VM Arguments:
jvm_args: -Djava.library.path=C:\Users\Gabi\Documents\Java\Libraries\lwjgl-2.9.1\native\windows -Dfile.encoding=Cp1252 
java_command: com.gmail.lynx7478.game.Main
Launcher Type: SUN_STANDARD

Environment Variables:
PATH=C:/Program Files/Java/jre1.8.0_91/bin/server;C:/Program Files/Java/jre1.8.0_91/bin;C:/Program Files/Java/jre1.8.0_91/lib/amd64;C:\Program Files (x86)\Razer Chroma SDK\bin;C:\Program Files\Razer Chroma SDK\bin;C:\ProgramData\Oracle\Java\javapath;C:\Windows\system32;C:\Windows;C:\Windows\System32\Wbem;C:\Windows\System32\WindowsPowerShell\v1.0\;C:\Program Files (x86)\NVIDIA Corporation\PhysX\Common;C:\Program Files (x86)\Skype\Phone\;C:\Program Files\OpenVPN\bin;C:\Windows\system32\config\systemprofile\.dnx\bin;C:\Program Files\Microsoft DNX\Dnvm\;C:\Program Files\Microsoft SQL Server\130\Tools\Binn\;C:\Program Files (x86)\Brackets\command;C:\Program Files (x86)\Windows Kits\8.1\Windows Performance Toolkit\;C:\Users\Gabi\Documents\Eclipse;
USERNAME=Gabi
OS=Windows_NT
PROCESSOR_IDENTIFIER=Intel64 Family 6 Model 58 Stepping 9, GenuineIntel



---------------  S Y S T E M  ---------------

OS: Windows 7 , 64 bit Build 7601 Service Pack 1

CPU:total 4 (4 cores per cpu, 1 threads per core) family 6 model 58 stepping 9, cmov, cx8, fxsr, mmx, sse, sse2, sse3, ssse3, sse4.1, sse4.2, popcnt, avx, erms, tsc, tscinvbit, tscinv

Memory: 4k page, physical 8338588k(4628992k free), swap 16675312k(11732692k free)

vm_info: Java HotSpot(TM) 64-Bit Server VM (24.79-b02) for windows-amd64 JRE (1.7.0_79-b15), built on Apr 10 2015 12:36:16 by "java_re" with unknown MS VC++:1600

time: Sat May 07 19:38:32 2016
elapsed time: 0 seconds

